<?xml version="1.0" encoding="UTF-8"?>
<!-- Generated by org.testng.reporters.JUnitReportReporter -->
<testsuite hostname="Qentelli001" name="com.aidemo.scripts.Invalid_DropDownSelect" tests="1" failures="0" timestamp="12 Aug 2016 10:40:33 GMT" time="63.920" errors="0">
  <testcase name="Invalid_DropDownSelect" time="63.920" classname="com.aidemo.scripts.Invalid_DropDownSelect"/>
</testsuite> <!-- com.aidemo.scripts.Invalid_DropDownSelect -->
