<?xml version="1.0" encoding="UTF-8"?>
<!-- Generated by org.testng.reporters.JUnitReportReporter -->
<testsuite hostname="HW0436" name="com.nerium.testscripts.adomanager.C671_AutoDeliveryOrder_AddCreditCard" tests="1" failures="0" timestamp="20 Feb 2016 01:30:17 GMT" time="91.133" errors="0">
  <testcase name="C671_AutoDeliveryOrder_AddCreditCard" time="91.133" classname="com.nerium.testscripts.adomanager.C671_AutoDeliveryOrder_AddCreditCard"/>
</testsuite> <!-- com.nerium.testscripts.adomanager.C671_AutoDeliveryOrder_AddCreditCard -->
