<?xml version="1.0" encoding="UTF-8"?>
<!-- Generated by org.testng.reporters.JUnitReportReporter -->
<testsuite hostname="HW0436" name="com.nerium.testscripts.adomanager.C639_AutoDeliveryManager_PageContent_BillingDetailssection" tests="1" failures="0" timestamp="20 Feb 2016 01:27:43 GMT" time="149.858" errors="0">
  <testcase name="C639_AutoDeliveryManager_PageContent_BillingDetailssection" time="149.858" classname="com.nerium.testscripts.adomanager.C639_AutoDeliveryManager_PageContent_BillingDetailssection"/>
</testsuite> <!-- com.nerium.testscripts.adomanager.C639_AutoDeliveryManager_PageContent_BillingDetailssection -->
