<?xml version="1.0" encoding="UTF-8"?>
<!-- Generated by org.testng.reporters.JUnitReportReporter -->
<testsuite hostname="WIN-V00R0QSPM0M" name="com.aidemo.scripts.Change_ObjectProperty" tests="1" failures="0" timestamp="15 Aug 2016 17:45:48 GMT" time="45.926" errors="0">
  <testcase name="Change_ObjectProperty" time="45.926" classname="com.aidemo.scripts.Change_ObjectProperty"/>
</testsuite> <!-- com.aidemo.scripts.Change_ObjectProperty -->
