<?xml version="1.0" encoding="UTF-8"?>
<!-- Generated by org.testng.reporters.JUnitReportReporter -->
<testsuite hostname="HW0436" name="com.nerium.testscripts.adomanager.C608_AutoDeliveryManager_PageHeader" tests="1" failures="0" timestamp="19 Feb 2016 21:21:11 GMT" time="52.795" errors="0">
  <testcase name="C608_AutoDeliveryManager_PageHeader" time="52.795" classname="com.nerium.testscripts.adomanager.C608_AutoDeliveryManager_PageHeader"/>
</testsuite> <!-- com.nerium.testscripts.adomanager.C608_AutoDeliveryManager_PageHeader -->
