<?xml version="1.0" encoding="UTF-8"?>
<!-- Generated by org.testng.reporters.JUnitReportReporter -->
<testsuite hostname="Qentelli001" name="com.aidemo.scripts.BrowserNotFound_Chrome" tests="1" failures="0" timestamp="12 Aug 2016 10:40:33 GMT" time="1.847" errors="0">
  <testcase name="BrowserNotFound_Chrome" time="1.847" classname="com.aidemo.scripts.BrowserNotFound_Chrome"/>
</testsuite> <!-- com.aidemo.scripts.BrowserNotFound_Chrome -->
