<?xml version="1.0" encoding="UTF-8"?>
<!-- Generated by org.testng.reporters.JUnitReportReporter -->
<testsuite hostname="HW0436" name="com.nerium.testscripts.adomanager.C683_AutoDeliveryOrder_AddBankDebit" tests="1" failures="0" timestamp="20 Feb 2016 03:18:29 GMT" time="189.058" errors="0">
  <testcase name="C683_AutoDeliveryOrder_AddBankDebit" time="189.058" classname="com.nerium.testscripts.adomanager.C683_AutoDeliveryOrder_AddBankDebit"/>
</testsuite> <!-- com.nerium.testscripts.adomanager.C683_AutoDeliveryOrder_AddBankDebit -->
