<?xml version="1.0" encoding="UTF-8"?>
<!-- Generated by org.testng.reporters.JUnitReportReporter -->
<testsuite hostname="WIN-V00R0QSPM0M" name="com.retailpos.scripts.SaleByCashFromPOS" tests="1" failures="0" timestamp="8 Feb 2017 04:30:54 GMT" time="20.013" errors="0">
  <testcase name="SaleByCashFromPOS" time="20.013" classname="com.retailpos.scripts.SaleByCashFromPOS"/>
</testsuite> <!-- com.retailpos.scripts.SaleByCashFromPOS -->
