<?xml version="1.0" encoding="UTF-8"?>
<!-- Generated by org.testng.reporters.JUnitReportReporter -->
<testsuite hostname="HW0436" name="com.nerium.testscripts.adomanager.C605_ADOManager_LandingPage" tests="1" failures="0" timestamp="19 Feb 2016 21:15:53 GMT" time="58.927" errors="0">
  <testcase name="C605_ADOManager_LandingPage" time="58.927" classname="com.nerium.testscripts.adomanager.C605_ADOManager_LandingPage"/>
</testsuite> <!-- com.nerium.testscripts.adomanager.C605_ADOManager_LandingPage -->
