<?xml version="1.0" encoding="UTF-8"?>
<!-- Generated by org.testng.reporters.JUnitReportReporter -->
<testsuite hostname="HW0436" name="com.nerium.testscripts.adomanager.C637_ADOManager_ShippingDetails" tests="1" failures="0" timestamp="20 Feb 2016 01:22:37 GMT" time="159.614" errors="0">
  <testcase name="C637_ADOManager_ShippingDetails" time="159.614" classname="com.nerium.testscripts.adomanager.C637_ADOManager_ShippingDetails"/>
</testsuite> <!-- com.nerium.testscripts.adomanager.C637_ADOManager_ShippingDetails -->
