<?xml version="1.0" encoding="UTF-8"?>
<!-- Generated by org.testng.reporters.JUnitReportReporter -->
<testsuite hostname="WIN-V00R0QSPM0M" name="com.retailpos.scripts.WindowsTest" tests="1" failures="0" timestamp="30 Jan 2017 09:47:39 GMT" time="33.426" errors="0">
  <testcase name="WindowsTest" time="33.426" classname="com.retailpos.scripts.WindowsTest"/>
</testsuite> <!-- com.retailpos.scripts.WindowsTest -->
