<?xml version="1.0" encoding="UTF-8"?>
<!-- Generated by org.testng.reporters.JUnitReportReporter -->
<testsuite hostname="HW0436" name="com.nerium.testscripts.bpshopping.C43_BPShoppingContinueShoppingOptionEHT" tests="1" failures="0" timestamp="19 Feb 2016 18:58:22 GMT" time="46.465" errors="0">
  <testcase name="C43_BPShoppingContinueShoppingOptionEHT" time="46.465" classname="com.nerium.testscripts.bpshopping.C43_BPShoppingContinueShoppingOptionEHT"/>
</testsuite> <!-- com.nerium.testscripts.bpshopping.C43_BPShoppingContinueShoppingOptionEHT -->
