<?xml version="1.0" encoding="UTF-8"?>
<!-- Generated by org.testng.reporters.JUnitReportReporter -->
<testsuite hostname="HW0436" name="com.nerium.testscripts.adomanager.C628_AutoDeliveryManager_PageContent" tests="1" failures="0" timestamp="20 Feb 2016 01:06:01 GMT" time="154.163" errors="0">
  <testcase name="C628_AutoDeliveryManager_PageContent" time="154.163" classname="com.nerium.testscripts.adomanager.C628_AutoDeliveryManager_PageContent"/>
</testsuite> <!-- com.nerium.testscripts.adomanager.C628_AutoDeliveryManager_PageContent -->
