<?xml version="1.0" encoding="UTF-8"?>
<!-- Generated by org.testng.reporters.JUnitReportReporter -->
<testsuite hostname="WIN-V00R0QSPM0M" name="com.retailpos.scripts.AddItemToInventory" tests="1" failures="0" timestamp="8 Feb 2017 04:30:54 GMT" time="15.025" errors="0">
  <testcase name="AddItemToInventory" time="15.025" classname="com.retailpos.scripts.AddItemToInventory"/>
</testsuite> <!-- com.retailpos.scripts.AddItemToInventory -->
